// 重构日志: e79ebeb9
// 重构日志: c6d7b655
// 同步 ID: 5aa1f682 @ Tue Jun 30 11:39:47 UTC 2026
// 重构日志: d707ef08
// 重构日志: 5bff06f7
// 同步 ID: 26cfac8f @ Thu Jul  2 17:42:22 UTC 2026
// 重构日志: e91507b4
// 重构日志: 59c1699a
// 重构日志: 7b8c0e53
// 重构日志: 5f6122dc
// 重构日志: a88ccb89
// 重构日志: 8c223b6f
// 同步 ID: 4694a9ab @ Sun Jul 12 13:25:02 UTC 2026
// 重构日志: f834be19
// 重构日志: d801ba26
// 重构日志: bdfb9479
// 同步 ID: 665d9bbc @ Mon Jul 13 11:10:03 UTC 2026
// 重构日志: 9b863261
// 重构日志: 4781223c
// 重构日志: 92b6c832
// 重构日志: b3ab82ab
// 同步 ID: 9de37039 @ Wed Jul 15 13:26:14 UTC 2026
// 重构日志: 646654bd
// 同步 ID: fcab39da @ Fri Jul 17 08:42:04 UTC 2026
// 重构日志: 0e728d30
// 重构日志: 055de763
// 同步 ID: 1b609bc3 @ Sun Jul 19 15:30:23 UTC 2026
// 重构日志: 8423e94b
// 同步 ID: 75297c5e @ Mon Jul 20 23:01:15 UTC 2026
// 同步 ID: b9678b51 @ Tue Jul 21 02:18:05 UTC 2026
// 重构日志: c18edd83
